<?xml version="1.0" encoding="UTF-8"?>
<!-- Generated by org.testng.reporters.JUnitReportReporter -->
<testsuite skipped="0" hostname="user-PC" name="com.crm.qa.testcases.LoginPageTest" tests="6" failures="1" timestamp="22 Sep 2018 22:44:23 GMT" time="70.281" errors="0">
  <testcase name="loginPageTitleTest" time="9.580" classname="com.crm.qa.testcases.LoginPageTest"/>
  <testcase name="loginTestIncorrectPwd" time="7.851" classname="com.crm.qa.testcases.LoginPageTest"/>
  <testcase name="loginAndMakeFlightBookings" time="14.452" classname="com.crm.qa.testcases.LoginPageTest"/>
  <testcase name="loginAndMakeFlightBookings" time="13.771" classname="com.crm.qa.testcases.LoginPageTest"/>
  <testcase name="loginAndMakeFlightBookings" time="13.770" classname="com.crm.qa.testcases.LoginPageTest"/>
  <testcase name="returnDateLesserThanDepartureDate" time="10.857" classname="com.crm.qa.testcases.LoginPageTest">
    <failure type="java.lang.AssertionError" message="Select Flight page is not diaplayed expected [false] but found [true]">
      <![CDATA[java.lang.AssertionError: Select Flight page is not diaplayed expected [false] but found [true]
	at org.testng.Assert.fail(Assert.java:93)
	at org.testng.Assert.failNotEquals(Assert.java:512)
	at org.testng.Assert.assertFalse(Assert.java:62)
	at com.crm.qa.pages.FlightFinderPage.goToFlightPage(FlightFinderPage.java:145)
	at com.crm.qa.testcases.LoginPageTest.returnDateLesserThanDepartureDate(LoginPageTest.java:123)
	at sun.reflect.NativeMethodAccessorImpl.invoke0(Native Method)
	at sun.reflect.NativeMethodAccessorImpl.invoke(Unknown Source)
	at sun.reflect.DelegatingMethodAccessorImpl.invoke(Unknown Source)
	at java.lang.reflect.Method.invoke(Unknown Source)
	at org.testng.internal.MethodInvocationHelper.invokeMethod(MethodInvocationHelper.java:108)
	at org.testng.internal.Invoker.invokeMethod(Invoker.java:661)
	at org.testng.internal.Invoker.invokeTestMethod(Invoker.java:869)
	at org.testng.internal.Invoker.invokeTestMethods(Invoker.java:1193)
	at org.testng.internal.TestMethodWorker.invokeTestMethods(TestMethodWorker.java:126)
	at org.testng.internal.TestMethodWorker.run(TestMethodWorker.java:109)
	at org.testng.TestRunner.privateRun(TestRunner.java:744)
	at org.testng.TestRunner.run(TestRunner.java:602)
	at org.testng.SuiteRunner.runTest(SuiteRunner.java:380)
	at org.testng.SuiteRunner.runSequentially(SuiteRunner.java:375)
	at org.testng.SuiteRunner.privateRun(SuiteRunner.java:340)
	at org.testng.SuiteRunner.run(SuiteRunner.java:289)
	at org.testng.SuiteRunnerWorker.runSuite(SuiteRunnerWorker.java:52)
	at org.testng.SuiteRunnerWorker.run(SuiteRunnerWorker.java:86)
	at org.testng.TestNG.runSuitesSequentially(TestNG.java:1301)
	at org.testng.TestNG.runSuitesLocally(TestNG.java:1226)
	at org.testng.TestNG.runSuites(TestNG.java:1144)
	at org.testng.TestNG.run(TestNG.java:1115)
	at org.testng.remote.AbstractRemoteTestNG.run(AbstractRemoteTestNG.java:114)
	at org.testng.remote.RemoteTestNG.initAndRun(RemoteTestNG.java:251)
	at org.testng.remote.RemoteTestNG.main(RemoteTestNG.java:77)
]]>
    </failure>
  </testcase> <!-- returnDateLesserThanDepartureDate -->
</testsuite> <!-- com.crm.qa.testcases.LoginPageTest -->
